<?xml version="1.0" encoding="UTF-8"?>
<!-- Generated by org.testng.reporters.JUnitReportReporter -->
<testsuite hostname="LAPTOP-UBS9P1CF" failures="0" tests="1" name="com.smoke.SmokeTestRun" time="2.285" errors="0" timestamp="2022-02-16T18:49:08 EST" skipped="0">
  <testcase classname="com.smoke.SmokeTestRun" name="getLogin" time="2.285"/>
  <system-out/>
</testsuite> <!-- com.smoke.SmokeTestRun -->
