<?xml version="1.0" encoding="UTF-8"?>
<!-- Generated by org.testng.reporters.JUnitReportReporter -->
<testsuite hostname="LAPTOP-UBS9P1CF" failures="0" tests="1" name="TestNG.Practice.RegressionTest" time="1.854" errors="0" timestamp="2022-02-16T18:49:53 EST" skipped="0">
  <testcase classname="TestNG.Practice.RegressionTest" name="loginTest" time="1.854"/>
  <system-out/>
</testsuite> <!-- TestNG.Practice.RegressionTest -->
